Arguments: 
  /usr/local/Cellar/node/15.5.1/bin/node /usr/local/Cellar/yarn/1.22.10/libexec/bin/yarn.js run test

PATH: 
  /Users/kimhyojin/GitHub/Flask/venvs/myproject/bin:/Users/kimhyojin/.pyenv/shims:/Users/kimhyojin/.pyenv/shims:/usr/local/bin:/usr/bin:/bin:/usr/sbin:/sbin:/Library/Apple/usr/bin:/Library/Frameworks/Python.framework/Versions/3.8/bin:$/Users/kimhyojin/Library/Android/sdk/emulator:$/Users/kimhyojin/Library/Android/sdk/tools:$/Users/kimhyojin/Library/Android/sdk/tools/bin:$/Users/kimhyojin/Library/Android/sdk/platform-tools

Yarn version: 
  1.22.10

Node version: 
  15.5.1

Platform: 
  darwin x64

Trace: 
  SyntaxError: /Users/kimhyojin/GitHub/Flask/projects/myproject/UI/package.json: Unexpected string in JSON at position 92
      at JSON.parse (<anonymous>)
      at /usr/local/Cellar/yarn/1.22.10/libexec/lib/cli.js:1625:59
      at Generator.next (<anonymous>)
      at step (/usr/local/Cellar/yarn/1.22.10/libexec/lib/cli.js:310:30)
      at /usr/local/Cellar/yarn/1.22.10/libexec/lib/cli.js:321:13

npm manifest: 
  {
    "name": "flask-react",
    "version": "1.0.0",
    "main": "index.js",
    "license": "MIT"
    "scripts": {
      "build": "babel src -d lib",
      "test": "jest"
    }
  }

yarn manifest: 
  No manifest

Lockfile: 
  No lockfile
